IP Upgrade report for ap_core
Mon Oct 31 15:11:39 2022
Quartus Prime Version 21.1.1 Build 850 06/23/2022 SJ Lite Edition


---------------------
; Table of Contents ;
---------------------
  1. Legal Notice
  2. IP Upgrade Summary
  3. Failed Upgrade IP Components
  4. IP Upgrade Messages



----------------
; Legal Notice ;
----------------
Copyright (C) 2022  Intel Corporation. All rights reserved.
Your use of Intel Corporation's design tools, logic functions 
and other software and tools, and any partner logic 
functions, and any output files from any of the foregoing 
(including device programming or simulation files), and any 
associated documentation or information are expressly subject 
to the terms and conditions of the Intel Program License 
Subscription Agreement, the Intel Quartus Prime License Agreement,
the Intel FPGA IP License Agreement, or other applicable license
agreement, including, without limitation, that your use is for
the sole purpose of programming logic devices manufactured by
Intel and sold by Intel or its authorized distributors.  Please
refer to the applicable agreement for further details, at
https://fpgasoftware.intel.com/eula.



+----------------------------------------------------------------------------+
; IP Upgrade Summary                                                         ;
+------------------------------+---------------------------------------------+
; IP Components Upgrade Status ; Failed - Mon Oct 31 15:11:39 2022           ;
; Quartus Prime Version        ; 21.1.1 Build 850 06/23/2022 SJ Lite Edition ;
; Revision Name                ; ap_core                                     ;
; Top-level Entity Name        ; apf_top                                     ;
; Family                       ; Cyclone V                                   ;
+------------------------------+---------------------------------------------+


+------------------------------------------------------------------------------------------------------------------------------------------------------------+
; Failed Upgrade IP Components                                                                                                                               ;
+-------------+----------------+---------+----------------------+----------------------+-----------------+---------------------------------------------------+
; Entity Name ; Component Name ; Version ; Original Source File ; Generation File Path ; New Source File ; Message                                           ;
+-------------+----------------+---------+----------------------+----------------------+-----------------+---------------------------------------------------+
; mf_pllbase  ; altera_pll     ; 20.1    ; core/mf_pllbase.qip  ; core/mf_pllbase.v    ;                 ; Error upgrading IP component "core/mf_pllbase.v". ;
+-------------+----------------+---------+----------------------+----------------------+-----------------+---------------------------------------------------+


+---------------------+
; IP Upgrade Messages ;
+---------------------+
Info (11902): Backing up file "core/mf_pllbase.v" to "core/mf_pllbase.BAK.v"
Info (11837): Started upgrading IP component altera_pll with file "core/mf_pllbase.v"
Info (11904): Restoring file "core/mf_pllbase.BAK.v" to "core/mf_pllbase.v"
Error (14921): Error upgrading IP component "core/mf_pllbase.v".
Error (11133): IP component altera_pll with file "core/mf_pllbase.v" upgrade failed
Error (11889): IP component upgrade failed
Error (23031): Evaluation of Tcl script /media/morgoth/Data/tools/intelFPGA_lite/21.1/quartus/common/tcl/internal/ip_regen/ip_regen.tcl unsuccessful
Error: Quartus Prime Shell was unsuccessful. 4 errors, 0 warnings
    Error: Peak virtual memory: 622 megabytes
    Error: Processing ended: Mon Oct 31 15:11:39 2022
    Error: Elapsed time: 00:00:07
    Error: Total CPU time (on all processors): 00:00:18


